# JRE version: OpenJDK Runtime Environment (17.0.6) (build 17.0.6+0-b2043.56-10027231)
# Java VM: OpenJDK 64-Bit Server VM (17.0.6+0-b2043.56-10027231, mixed mode, tiered, compressed oops, compressed class ptrs, g1 gc, windows-amd64)
GC Precious Log:
 CPUs: 4 total, 4 available
 Memory: 8094M
 Large Page Support: Disabled
 NUMA Support: Disabled
 Compressed Oops: Enabled (Zero based)
 Heap Region Size: 2M
 Heap Min Capacity: 8M
 Heap Initial Capacity: 128M
 Heap Max Capacity: 4G
 Pre-touch: Disabled
 Parallel Workers: 4
 Concurrent Workers: 1
 Concurrent Refinement Workers: 4
 Periodic GC: Disabled
Heap:
 garbage-first heap   total 501760K, used 278400K [0x0000000700000000, 0x0000000800000000)
  region size 2048K, 49 young (100352K), 2 survivors (4096K)
 Metaspace       used 118567K, committed 119936K, reserved 1155072K
  class space    used 16029K, committed 16640K, reserved 1048576K
GC Heap History (20 events):
Event: 155.613 GC heap before
{Heap before GC invocations=86 (full 0):
 garbage-first heap   total 229376K, used 197678K [0x0000000700000000, 0x0000000800000000)
  region size 2048K, 12 young (24576K), 2 survivors (4096K)
 Metaspace       used 106572K, committed 107904K, reserved 1146880K
  class space    used 14550K, committed 15104K, reserved 1048576K
}
Event: 155.621 GC heap after
{Heap after GC invocations=87 (full 0):
 garbage-first heap   total 229376K, used 178354K [0x0000000700000000, 0x0000000800000000)
  region size 2048K, 2 young (4096K), 2 survivors (4096K)
 Metaspace       used 106572K, committed 107904K, reserved 1146880K
  class space    used 14550K, committed 15104K, reserved 1048576K
}
Event: 156.694 GC heap before
{Heap before GC invocations=87 (full 0):
 garbage-first heap   total 229376K, used 194738K [0x0000000700000000, 0x0000000800000000)
  region size 2048K, 11 young (22528K), 2 survivors (4096K)
 Metaspace       used 109268K, committed 110656K, reserved 1146880K
  class space    used 14880K, committed 15488K, reserved 1048576K
}
Event: 156.706 GC heap after
{Heap after GC invocations=88 (full 0):
 garbage-first heap   total 229376K, used 180041K [0x0000000700000000, 0x0000000800000000)
  region size 2048K, 2 young (4096K), 2 survivors (4096K)
 Metaspace       used 109268K, committed 110656K, reserved 1146880K
  class space    used 14880K, committed 15488K, reserved 1048576K
}
Event: 161.532 GC heap before
{Heap before GC invocations=88 (full 0):
 garbage-first heap   total 229376K, used 190281K [0x0000000700000000, 0x0000000800000000)
  region size 2048K, 8 young (16384K), 2 survivors (4096K)
 Metaspace       used 112288K, committed 113600K, reserved 1146880K
  class space    used 15309K, committed 15872K, reserved 1048576K
}
Event: 161.540 GC heap after
{Heap after GC invocations=89 (full 0):
 garbage-first heap   total 229376K, used 181620K [0x0000000700000000, 0x0000000800000000)
  region size 2048K, 2 young (4096K), 2 survivors (4096K)
 Metaspace       used 112288K, committed 113600K, reserved 1146880K
  class space    used 15309K, committed 15872K, reserved 1048576K
}
Event: 259.421 GC heap before
{Heap before GC invocations=90 (full 0):
 garbage-first heap   total 307200K, used 191860K [0x0000000700000000, 0x0000000800000000)
  region size 2048K, 7 young (14336K), 2 survivors (4096K)
 Metaspace       used 112536K, committed 113856K, reserved 1146880K
  class space    used 15324K, committed 15872K, reserved 1048576K
}
Event: 259.437 GC heap after
{Heap after GC invocations=91 (full 0):
 garbage-first heap   total 307200K, used 182141K [0x0000000700000000, 0x0000000800000000)
  region size 2048K, 1 young (2048K), 1 survivors (2048K)
 Metaspace       used 112536K, committed 113856K, reserved 1146880K
  class space    used 15324K, committed 15872K, reserved 1048576K
}
Event: 303.229 GC heap before
{Heap before GC invocations=91 (full 0):
 garbage-first heap   total 415744K, used 403325K [0x0000000700000000, 0x0000000800000000)
  region size 2048K, 6 young (12288K), 1 survivors (2048K)
 Metaspace       used 112691K, committed 114048K, reserved 1146880K
  class space    used 15347K, committed 15936K, reserved 1048576K
}
Event: 303.237 GC heap after
{Heap after GC invocations=92 (full 0):
 garbage-first heap   total 415744K, used 183420K [0x0000000700000000, 0x0000000800000000)
  region size 2048K, 1 young (2048K), 1 survivors (2048K)
 Metaspace       used 112691K, committed 114048K, reserved 1146880K
  class space    used 15347K, committed 15936K, reserved 1048576K
}
Event: 303.534 GC heap before
{Heap before GC invocations=92 (full 0):
 garbage-first heap   total 415744K, used 257148K [0x0000000700000000, 0x0000000800000000)
  region size 2048K, 2 young (4096K), 1 survivors (2048K)
 Metaspace       used 112693K, committed 114048K, reserved 1146880K
  class space    used 15347K, committed 15936K, reserved 1048576K
}
Event: 303.537 GC heap after
{Heap after GC invocations=93 (full 0):
 garbage-first heap   total 415744K, used 216165K [0x0000000700000000, 0x0000000800000000)
  region size 2048K, 1 young (2048K), 1 survivors (2048K)
 Metaspace       used 112693K, committed 114048K, reserved 1146880K
  class space    used 15347K, committed 15936K, reserved 1048576K
}
Event: 303.614 GC heap before
{Heap before GC invocations=93 (full 0):
 garbage-first heap   total 415744K, used 283749K [0x0000000700000000, 0x0000000800000000)
  region size 2048K, 2 young (4096K), 1 survivors (2048K)
 Metaspace       used 112693K, committed 114048K, reserved 1146880K
  class space    used 15347K, committed 15936K, reserved 1048576K
}
Event: 303.617 GC heap after
{Heap after GC invocations=94 (full 0):
 garbage-first heap   total 415744K, used 248963K [0x0000000700000000, 0x0000000800000000)
  region size 2048K, 1 young (2048K), 1 survivors (2048K)
 Metaspace       used 112693K, committed 114048K, reserved 1146880K
  class space    used 15347K, committed 15936K, reserved 1048576K
}
Event: 306.644 GC heap before
{Heap before GC invocations=95 (full 0):
 garbage-first heap   total 501760K, used 377987K [0x0000000700000000, 0x0000000800000000)
  region size 2048K, 45 young (92160K), 1 survivors (2048K)
 Metaspace       used 117035K, committed 118528K, reserved 1155072K
  class space    used 15905K, committed 16576K, reserved 1048576K
}
Event: 306.663 GC heap after
{Heap after GC invocations=96 (full 0):
 garbage-first heap   total 501760K, used 185970K [0x0000000700000000, 0x0000000800000000)
  region size 2048K, 3 young (6144K), 3 survivors (6144K)
 Metaspace       used 117035K, committed 118528K, reserved 1155072K
  class space    used 15905K, committed 16576K, reserved 1048576K
}
Event: 308.974 GC heap before
{Heap before GC invocations=96 (full 0):
 garbage-first heap   total 501760K, used 202354K [0x0000000700000000, 0x0000000800000000)
  region size 2048K, 12 young (24576K), 3 survivors (6144K)
 Metaspace       used 117590K, committed 119040K, reserved 1155072K
  class space    used 15950K, committed 16576K, reserved 1048576K
}
Event: 308.990 GC heap after
{Heap after GC invocations=97 (full 0):
 garbage-first heap   total 501760K, used 185561K [0x0000000700000000, 0x0000000800000000)
  region size 2048K, 1 young (2048K), 1 survivors (2048K)
 Metaspace       used 117590K, committed 119040K, reserved 1155072K
  class space    used 15950K, committed 16576K, reserved 1048576K
}
Event: 314.036 GC heap before
{Heap before GC invocations=97 (full 0):
 garbage-first heap   total 501760K, used 398553K [0x0000000700000000, 0x0000000800000000)
  region size 2048K, 106 young (217088K), 1 survivors (2048K)
 Metaspace       used 117764K, committed 119168K, reserved 1155072K
  class space    used 15951K, committed 16576K, reserved 1048576K
}
Event: 314.040 GC heap after
{Heap after GC invocations=98 (full 0):
 garbage-first heap   total 501760K, used 186240K [0x0000000700000000, 0x0000000800000000)
  region size 2048K, 2 young (4096K), 2 survivors (4096K)
 Metaspace       used 117764K, committed 119168K, reserved 1155072K
  class space    used 15951K, committed 16576K, reserved 1048576K
}

