# JRE version: OpenJDK Runtime Environment (17.0.6) (build 17.0.6+0-b2043.56-10027231)
# Java VM: OpenJDK 64-Bit Server VM (17.0.6+0-b2043.56-10027231, mixed mode, tiered, compressed oops, compressed class ptrs, g1 gc, windows-amd64)
GC Precious Log:
 CPUs: 4 total, 4 available
 Memory: 8094M
 Large Page Support: Disabled
 NUMA Support: Disabled
 Compressed Oops: Enabled (Zero based)
 Heap Region Size: 2M
 Heap Min Capacity: 8M
 Heap Initial Capacity: 128M
 Heap Max Capacity: 4G
 Pre-touch: Disabled
 Parallel Workers: 4
 Concurrent Workers: 1
 Concurrent Refinement Workers: 4
 Periodic GC: Disabled
Heap:
 garbage-first heap   total 520192K, used 214742K [0x0000000700000000, 0x0000000800000000)
  region size 2048K, 31 young (63488K), 15 survivors (30720K)
 Metaspace       used 143122K, committed 150144K, reserved 1212416K
  class space    used 19393K, committed 21184K, reserved 1048576K
GC Heap History (20 events):
Event: 119.475 GC heap before
{Heap before GC invocations=82 (full 0):
 garbage-first heap   total 774144K, used 647543K [0x0000000700000000, 0x0000000800000000)
  region size 2048K, 74 young (151552K), 11 survivors (22528K)
 Metaspace       used 159996K, committed 161536K, reserved 1196032K
  class space    used 21588K, committed 22208K, reserved 1048576K
}
Event: 119.506 GC heap after
{Heap after GC invocations=83 (full 0):
 garbage-first heap   total 774144K, used 530127K [0x0000000700000000, 0x0000000800000000)
  region size 2048K, 7 young (14336K), 7 survivors (14336K)
 Metaspace       used 159996K, committed 161536K, reserved 1196032K
  class space    used 21588K, committed 22208K, reserved 1048576K
}
Event: 143.992 GC heap before
{Heap before GC invocations=83 (full 0):
 garbage-first heap   total 774144K, used 638671K [0x0000000700000000, 0x0000000800000000)
  region size 2048K, 60 young (122880K), 7 survivors (14336K)
 Metaspace       used 168741K, committed 170304K, reserved 1196032K
  class space    used 22725K, committed 23360K, reserved 1048576K
}
Event: 144.013 GC heap after
{Heap after GC invocations=84 (full 0):
 garbage-first heap   total 774144K, used 516155K [0x0000000700000000, 0x0000000800000000)
  region size 2048K, 3 young (6144K), 3 survivors (6144K)
 Metaspace       used 168741K, committed 170304K, reserved 1196032K
  class space    used 22725K, committed 23360K, reserved 1048576K
}
Event: 146.718 GC heap before
{Heap before GC invocations=84 (full 0):
 garbage-first heap   total 774144K, used 641083K [0x0000000700000000, 0x0000000800000000)
  region size 2048K, 65 young (133120K), 3 survivors (6144K)
 Metaspace       used 172726K, committed 174400K, reserved 1204224K
  class space    used 23311K, committed 24064K, reserved 1048576K
}
Event: 146.746 GC heap after
{Heap after GC invocations=85 (full 0):
 garbage-first heap   total 774144K, used 530423K [0x0000000700000000, 0x0000000800000000)
  region size 2048K, 9 young (18432K), 9 survivors (18432K)
 Metaspace       used 172726K, committed 174400K, reserved 1204224K
  class space    used 23311K, committed 24064K, reserved 1048576K
}
Event: 147.823 GC heap before
{Heap before GC invocations=85 (full 0):
 garbage-first heap   total 774144K, used 585719K [0x0000000700000000, 0x0000000800000000)
  region size 2048K, 37 young (75776K), 9 survivors (18432K)
 Metaspace       used 174716K, committed 176320K, reserved 1204224K
  class space    used 23563K, committed 24256K, reserved 1048576K
}
Event: 147.856 GC heap after
{Heap after GC invocations=86 (full 0):
 garbage-first heap   total 774144K, used 539576K [0x0000000700000000, 0x0000000800000000)
  region size 2048K, 5 young (10240K), 5 survivors (10240K)
 Metaspace       used 174716K, committed 176320K, reserved 1204224K
  class space    used 23563K, committed 24256K, reserved 1048576K
}
Event: 150.774 GC heap before
{Heap before GC invocations=87 (full 0):
 garbage-first heap   total 829440K, used 576440K [0x0000000700000000, 0x0000000800000000)
  region size 2048K, 59 young (120832K), 5 survivors (10240K)
 Metaspace       used 176254K, committed 177920K, reserved 1204224K
  class space    used 23665K, committed 24384K, reserved 1048576K
}
Event: 150.792 GC heap after
{Heap after GC invocations=88 (full 0):
 garbage-first heap   total 829440K, used 472417K [0x0000000700000000, 0x0000000800000000)
  region size 2048K, 7 young (14336K), 7 survivors (14336K)
 Metaspace       used 176254K, committed 177920K, reserved 1204224K
  class space    used 23665K, committed 24384K, reserved 1048576K
}
Event: 151.096 GC heap before
{Heap before GC invocations=88 (full 0):
 garbage-first heap   total 829440K, used 496993K [0x0000000700000000, 0x0000000800000000)
  region size 2048K, 20 young (40960K), 7 survivors (14336K)
 Metaspace       used 176333K, committed 177984K, reserved 1204224K
  class space    used 23669K, committed 24384K, reserved 1048576K
}
Event: 151.151 GC heap after
{Heap after GC invocations=89 (full 0):
 garbage-first heap   total 829440K, used 400081K [0x0000000700000000, 0x0000000800000000)
  region size 2048K, 3 young (6144K), 3 survivors (6144K)
 Metaspace       used 176333K, committed 177984K, reserved 1204224K
  class space    used 23669K, committed 24384K, reserved 1048576K
}
Event: 151.389 GC heap before
{Heap before GC invocations=89 (full 0):
 garbage-first heap   total 829440K, used 434897K [0x0000000700000000, 0x0000000800000000)
  region size 2048K, 20 young (40960K), 3 survivors (6144K)
 Metaspace       used 176345K, committed 177984K, reserved 1204224K
  class space    used 23669K, committed 24384K, reserved 1048576K
}
Event: 151.470 GC heap after
{Heap after GC invocations=90 (full 0):
 garbage-first heap   total 829440K, used 342339K [0x0000000700000000, 0x0000000800000000)
  region size 2048K, 3 young (6144K), 3 survivors (6144K)
 Metaspace       used 176345K, committed 177984K, reserved 1204224K
  class space    used 23669K, committed 24384K, reserved 1048576K
}
Event: 490.994 GC heap before
{Heap before GC invocations=90 (full 0):
 garbage-first heap   total 829440K, used 799043K [0x0000000700000000, 0x0000000800000000)
  region size 2048K, 58 young (118784K), 3 survivors (6144K)
 Metaspace       used 179406K, committed 181056K, reserved 1212416K
  class space    used 24082K, committed 24768K, reserved 1048576K
}
Event: 491.012 GC heap after
{Heap after GC invocations=91 (full 0):
 garbage-first heap   total 829440K, used 342714K [0x0000000700000000, 0x0000000800000000)
  region size 2048K, 4 young (8192K), 4 survivors (8192K)
 Metaspace       used 179406K, committed 181056K, reserved 1212416K
  class space    used 24082K, committed 24768K, reserved 1048576K
}
Event: 4091.935 GC heap before
{Heap before GC invocations=92 (full 0):
 garbage-first heap   total 829440K, used 395962K [0x0000000700000000, 0x0000000800000000)
  region size 2048K, 49 young (100352K), 4 survivors (8192K)
 Metaspace       used 179596K, committed 181184K, reserved 1212416K
  class space    used 24080K, committed 24768K, reserved 1048576K
}
Event: 4092.614 GC heap after
{Heap after GC invocations=93 (full 1):
 garbage-first heap   total 520192K, used 148465K [0x0000000700000000, 0x0000000800000000)
  region size 2048K, 0 young (0K), 0 survivors (0K)
 Metaspace       used 179596K, committed 181184K, reserved 1212416K
  class space    used 24080K, committed 24768K, reserved 1048576K
}
Event: 4652.512 GC heap before
{Heap before GC invocations=93 (full 1):
 garbage-first heap   total 520192K, used 390129K [0x0000000700000000, 0x0000000800000000)
  region size 2048K, 119 young (243712K), 0 survivors (0K)
 Metaspace       used 180701K, committed 182464K, reserved 1212416K
  class space    used 24190K, committed 24960K, reserved 1048576K
}
Event: 4652.710 GC heap after
{Heap after GC invocations=94 (full 1):
 garbage-first heap   total 520192K, used 186070K [0x0000000700000000, 0x0000000800000000)
  region size 2048K, 15 young (30720K), 15 survivors (30720K)
 Metaspace       used 180701K, committed 182464K, reserved 1212416K
  class space    used 24190K, committed 24960K, reserved 1048576K
}

