# JRE version: OpenJDK Runtime Environment (17.0.6) (build 17.0.6+0-b2043.56-10027231)
# Java VM: OpenJDK 64-Bit Server VM (17.0.6+0-b2043.56-10027231, mixed mode, tiered, compressed oops, compressed class ptrs, g1 gc, windows-amd64)
GC Precious Log:
 CPUs: 4 total, 4 available
 Memory: 8094M
 Large Page Support: Disabled
 NUMA Support: Disabled
 Compressed Oops: Enabled (Zero based)
 Heap Region Size: 2M
 Heap Min Capacity: 8M
 Heap Initial Capacity: 128M
 Heap Max Capacity: 4G
 Pre-touch: Disabled
 Parallel Workers: 4
 Concurrent Workers: 1
 Concurrent Refinement Workers: 4
 Periodic GC: Disabled
Heap:
 garbage-first heap   total 157696K, used 92803K [0x0000000700000000, 0x0000000800000000)
  region size 2048K, 3 young (6144K), 3 survivors (6144K)
 Metaspace       used 94474K, committed 95360K, reserved 1138688K
  class space    used 12924K, committed 13312K, reserved 1048576K
GC Heap History (20 events):
Event: 16.309 GC heap after
{Heap after GC invocations=21 (full 0):
 garbage-first heap   total 122880K, used 54801K [0x0000000700000000, 0x0000000800000000)
  region size 2048K, 4 young (8192K), 4 survivors (8192K)
 Metaspace       used 70831K, committed 71360K, reserved 1114112K
  class space    used 9635K, committed 9856K, reserved 1048576K
}
Event: 17.278 GC heap before
{Heap before GC invocations=21 (full 0):
 garbage-first heap   total 122880K, used 97809K [0x0000000700000000, 0x0000000800000000)
  region size 2048K, 23 young (47104K), 4 survivors (8192K)
 Metaspace       used 74567K, committed 75200K, reserved 1114112K
  class space    used 10123K, committed 10432K, reserved 1048576K
}
Event: 17.286 GC heap after
{Heap after GC invocations=22 (full 0):
 garbage-first heap   total 122880K, used 64909K [0x0000000700000000, 0x0000000800000000)
  region size 2048K, 3 young (6144K), 3 survivors (6144K)
 Metaspace       used 74567K, committed 75200K, reserved 1114112K
  class space    used 10123K, committed 10432K, reserved 1048576K
}
Event: 17.950 GC heap before
{Heap before GC invocations=22 (full 0):
 garbage-first heap   total 122880K, used 93581K [0x0000000700000000, 0x0000000800000000)
  region size 2048K, 17 young (34816K), 3 survivors (6144K)
 Metaspace       used 78498K, committed 79168K, reserved 1122304K
  class space    used 10588K, committed 10880K, reserved 1048576K
}
Event: 17.958 GC heap after
{Heap after GC invocations=23 (full 0):
 garbage-first heap   total 122880K, used 67354K [0x0000000700000000, 0x0000000800000000)
  region size 2048K, 2 young (4096K), 2 survivors (4096K)
 Metaspace       used 78498K, committed 79168K, reserved 1122304K
  class space    used 10588K, committed 10880K, reserved 1048576K
}
Event: 18.391 GC heap before
{Heap before GC invocations=24 (full 0):
 garbage-first heap   total 143360K, used 93978K [0x0000000700000000, 0x0000000800000000)
  region size 2048K, 16 young (32768K), 2 survivors (4096K)
 Metaspace       used 79843K, committed 80512K, reserved 1122304K
  class space    used 10780K, committed 11072K, reserved 1048576K
}
Event: 18.399 GC heap after
{Heap after GC invocations=25 (full 0):
 garbage-first heap   total 143360K, used 69680K [0x0000000700000000, 0x0000000800000000)
  region size 2048K, 2 young (4096K), 2 survivors (4096K)
 Metaspace       used 79843K, committed 80512K, reserved 1122304K
  class space    used 10780K, committed 11072K, reserved 1048576K
}
Event: 19.222 GC heap before
{Heap before GC invocations=25 (full 0):
 garbage-first heap   total 143360K, used 110640K [0x0000000700000000, 0x0000000800000000)
  region size 2048K, 22 young (45056K), 2 survivors (4096K)
 Metaspace       used 82792K, committed 83392K, reserved 1122304K
  class space    used 11155K, committed 11456K, reserved 1048576K
}
Event: 19.230 GC heap after
{Heap after GC invocations=26 (full 0):
 garbage-first heap   total 143360K, used 72074K [0x0000000700000000, 0x0000000800000000)
  region size 2048K, 3 young (6144K), 3 survivors (6144K)
 Metaspace       used 82792K, committed 83392K, reserved 1122304K
  class space    used 11155K, committed 11456K, reserved 1048576K
}
Event: 20.083 GC heap before
{Heap before GC invocations=27 (full 0):
 garbage-first heap   total 143360K, used 113034K [0x0000000700000000, 0x0000000800000000)
  region size 2048K, 23 young (47104K), 3 survivors (6144K)
 Metaspace       used 85186K, committed 85888K, reserved 1130496K
  class space    used 11470K, committed 11776K, reserved 1048576K
}
Event: 20.094 GC heap after
{Heap after GC invocations=28 (full 0):
 garbage-first heap   total 143360K, used 75446K [0x0000000700000000, 0x0000000800000000)
  region size 2048K, 3 young (6144K), 3 survivors (6144K)
 Metaspace       used 85186K, committed 85888K, reserved 1130496K
  class space    used 11470K, committed 11776K, reserved 1048576K
}
Event: 20.691 GC heap before
{Heap before GC invocations=28 (full 0):
 garbage-first heap   total 143360K, used 114358K [0x0000000700000000, 0x0000000800000000)
  region size 2048K, 22 young (45056K), 3 survivors (6144K)
 Metaspace       used 85873K, committed 86528K, reserved 1130496K
  class space    used 11541K, committed 11840K, reserved 1048576K
}
Event: 20.703 GC heap after
{Heap after GC invocations=29 (full 0):
 garbage-first heap   total 143360K, used 77506K [0x0000000700000000, 0x0000000800000000)
  region size 2048K, 3 young (6144K), 3 survivors (6144K)
 Metaspace       used 85873K, committed 86528K, reserved 1130496K
  class space    used 11541K, committed 11840K, reserved 1048576K
}
Event: 21.136 GC heap before
{Heap before GC invocations=30 (full 0):
 garbage-first heap   total 157696K, used 112322K [0x0000000700000000, 0x0000000800000000)
  region size 2048K, 20 young (40960K), 3 survivors (6144K)
 Metaspace       used 86081K, committed 86784K, reserved 1130496K
  class space    used 11572K, committed 11904K, reserved 1048576K
}
Event: 21.148 GC heap after
{Heap after GC invocations=31 (full 0):
 garbage-first heap   total 157696K, used 79852K [0x0000000700000000, 0x0000000800000000)
  region size 2048K, 3 young (6144K), 3 survivors (6144K)
 Metaspace       used 86081K, committed 86784K, reserved 1130496K
  class space    used 11572K, committed 11904K, reserved 1048576K
}
Event: 22.038 GC heap before
{Heap before GC invocations=31 (full 0):
 garbage-first heap   total 157696K, used 126956K [0x0000000700000000, 0x0000000800000000)
  region size 2048K, 26 young (53248K), 3 survivors (6144K)
 Metaspace       used 89964K, committed 90688K, reserved 1130496K
  class space    used 12264K, committed 12608K, reserved 1048576K
}
Event: 22.048 GC heap after
{Heap after GC invocations=32 (full 0):
 garbage-first heap   total 157696K, used 83581K [0x0000000700000000, 0x0000000800000000)
  region size 2048K, 3 young (6144K), 3 survivors (6144K)
 Metaspace       used 89964K, committed 90688K, reserved 1130496K
  class space    used 12264K, committed 12608K, reserved 1048576K
}
Event: 22.896 GC heap before
{Heap before GC invocations=33 (full 0):
 garbage-first heap   total 157696K, used 128637K [0x0000000700000000, 0x0000000800000000)
  region size 2048K, 25 young (51200K), 3 survivors (6144K)
 Metaspace       used 93021K, committed 93760K, reserved 1130496K
  class space    used 12727K, committed 13056K, reserved 1048576K
}
Event: 22.913 GC heap after
{Heap after GC invocations=34 (full 0):
 garbage-first heap   total 157696K, used 87567K [0x0000000700000000, 0x0000000800000000)
  region size 2048K, 4 young (8192K), 4 survivors (8192K)
 Metaspace       used 93021K, committed 93760K, reserved 1130496K
  class space    used 12727K, committed 13056K, reserved 1048576K
}
Event: 23.784 GC heap before
{Heap before GC invocations=34 (full 0):
 garbage-first heap   total 157696K, used 126479K [0x0000000700000000, 0x0000000800000000)
  region size 2048K, 24 young (49152K), 4 survivors (8192K)
 Metaspace       used 94474K, committed 95360K, reserved 1138688K
  class space    used 12924K, committed 13312K, reserved 1048576K
}

